<?xml version="1.0" encoding="UTF-8"?>
<!-- Generated by org.testng.reporters.JUnitReportReporter -->
<testsuite hostname="L-INE-4FQCQG3" failures="0" tests="1" name="DemoJenkins" time="7.158" errors="0" timestamp="2023-09-05T15:20:52 IST" skipped="0">
  <testcase classname="DemoJenkins" name="f" time="7.158"/>
</testsuite> <!-- DemoJenkins -->
