<?xml version="1.0" encoding="UTF-8"?>
<!-- Generated by org.testng.reporters.JUnitReportReporter -->
<testsuite hostname="L-INE-4FQCQG3" failures="0" tests="1" name="DemoJenkins.DemoJenkins.DemoBlazeEx" time="3.039" errors="0" timestamp="2023-09-13T21:57:49 IST" skipped="0">
  <testcase classname="DemoJenkins.DemoJenkins.DemoBlazeEx" name="homePage" time="3.039"/>
</testsuite> <!-- DemoJenkins.DemoJenkins.DemoBlazeEx -->
