<?xml version="1.0" encoding="UTF-8"?>
<!-- Generated by org.testng.reporters.JUnitReportReporter -->
<testsuite hostname="L-INE-4FQCQG3" failures="0" tests="1" name="DemoJenkins.DemoJenkins.DemoOrangePageFactory" time="3.784" errors="0" timestamp="2023-09-08T15:42:02 IST" skipped="0">
  <testcase classname="DemoJenkins.DemoJenkins.DemoOrangePageFactory" name="logintest" time="3.784"/>
</testsuite> <!-- DemoJenkins.DemoJenkins.DemoOrangePageFactory -->
