<?xml version="1.0" encoding="UTF-8"?>
<!-- Generated by org.testng.reporters.JUnitReportReporter -->
<testsuite hostname="L-INE-4FQCQG3" failures="0" tests="1" name="DemoJenkins.DemoJenkins.GoDaddyTestCase2" time="3.156" errors="0" timestamp="2023-09-07T11:46:56 IST" skipped="0">
  <testcase classname="DemoJenkins.DemoJenkins.GoDaddyTestCase2" name="f" time="3.156"/>
</testsuite> <!-- DemoJenkins.DemoJenkins.GoDaddyTestCase2 -->
