<?xml version="1.0" encoding="UTF-8"?>
<!-- Generated by org.testng.reporters.JUnitReportReporter -->
<testsuite hostname="L-INE-4FQCQG3" failures="0" tests="1" name="DemoJenkins.DemoJenkins.sauceDemo" time="5.216" errors="0" timestamp="2023-09-12T17:35:25 IST" skipped="0">
  <testcase classname="DemoJenkins.DemoJenkins.sauceDemo" name="f" time="5.216"/>
</testsuite> <!-- DemoJenkins.DemoJenkins.sauceDemo -->
