<?xml version="1.0" encoding="UTF-8"?>
<!-- Generated by org.testng.reporters.JUnitReportReporter -->
<testsuite hostname="L-INE-4FQCQG3" failures="0" tests="1" name="DemoJenkins.DemoJenkins.DemoWebShop" time="3.527" errors="0" timestamp="2023-09-08T17:48:34 IST" skipped="0">
  <testcase classname="DemoJenkins.DemoJenkins.DemoWebShop" name="loginpage" time="3.527"/>
</testsuite> <!-- DemoJenkins.DemoJenkins.DemoWebShop -->
