<?xml version="1.0" encoding="UTF-8"?>
<!-- Generated by org.testng.reporters.JUnitReportReporter -->
<testsuite hostname="L-INE-4FQCQG3" failures="0" tests="2" name="DemoJenkins.DemoJenkins.NewTestListner" time="16.521" errors="0" timestamp="2023-09-06T14:53:52 IST" skipped="0">
  <testcase classname="DemoJenkins.DemoJenkins.NewTestListner" name="f4" time="9.238"/>
  <testcase classname="DemoJenkins.DemoJenkins.NewTestListner" name="f" time="7.283"/>
</testsuite> <!-- DemoJenkins.DemoJenkins.NewTestListner -->
