<?xml version="1.0" encoding="UTF-8"?>
<!-- Generated by org.testng.reporters.JUnitReportReporter -->
<testsuite hostname="L-INE-4FQCQG3" failures="0" tests="1" name="DemoJenkins.DemoJenkins.GdTestCase3" time="1.438" errors="0" timestamp="2023-09-07T11:54:25 IST" skipped="0">
  <testcase classname="DemoJenkins.DemoJenkins.GdTestCase3" name="f" time="1.438"/>
</testsuite> <!-- DemoJenkins.DemoJenkins.GdTestCase3 -->
