<?xml version="1.0" encoding="UTF-8"?>
<!-- Generated by org.testng.reporters.JUnitReportReporter -->
<testsuite hostname="L-INE-4FQCQG3" failures="0" tests="1" name="DemoJenkins.DemoJenkins.GdTestCase4" time="6.026" errors="0" timestamp="2023-09-07T12:30:44 IST" skipped="0">
  <testcase classname="DemoJenkins.DemoJenkins.GdTestCase4" name="f" time="6.026"/>
</testsuite> <!-- DemoJenkins.DemoJenkins.GdTestCase4 -->
