<?xml version="1.0" encoding="UTF-8"?>
<!-- Generated by org.testng.reporters.JUnitReportReporter -->
<testsuite hostname="L-INE-4FQCQG3" failures="0" tests="1" name="DemoJenkins.DemoJenkins.Test1" time="6.125" errors="0" timestamp="2023-09-06T12:07:55 IST" skipped="0">
  <testcase classname="DemoJenkins.DemoJenkins.Test1" name="f" time="6.125"/>
</testsuite> <!-- DemoJenkins.DemoJenkins.Test1 -->
