<?xml version="1.0" encoding="UTF-8"?>
<!-- Generated by org.testng.reporters.JUnitReportReporter -->
<testsuite hostname="L-INE-4FQCQG3" failures="0" tests="1" name="DemoJenkins.DemoJenkins.LoginwithpageFactory" time="8.103" errors="0" timestamp="2023-09-08T13:01:39 IST" skipped="0">
  <testcase classname="DemoJenkins.DemoJenkins.LoginwithpageFactory" name="Login1" time="8.103"/>
</testsuite> <!-- DemoJenkins.DemoJenkins.LoginwithpageFactory -->
