<?xml version="1.0" encoding="UTF-8"?>
<!-- Generated by org.testng.reporters.JUnitReportReporter -->
<testsuite hostname="L-INE-4FQCQG3" failures="0" tests="2" name="DemoJenkins.DemoJenkins.Orangehrm" time="8.238" errors="0" timestamp="2023-09-07T13:10:39 IST" skipped="0">
  <testcase classname="DemoJenkins.DemoJenkins.Orangehrm" name="TC1" time="4.841"/>
  <testcase classname="DemoJenkins.DemoJenkins.Orangehrm" name="TC2" time="3.397"/>
</testsuite> <!-- DemoJenkins.DemoJenkins.Orangehrm -->
