<?xml version="1.0" encoding="UTF-8"?>
<!-- Generated by org.testng.reporters.JUnitReportReporter -->
<testsuite hostname="L-INE-4FQCQG3" failures="0" tests="4" name="DemoJenkins.DemoJenkins.GoDaddy" time="26.011" errors="0" timestamp="2023-09-07T12:54:01 IST" skipped="0">
  <testcase classname="DemoJenkins.DemoJenkins.GoDaddy" name="TC2" time="8.968"/>
  <testcase classname="DemoJenkins.DemoJenkins.GoDaddy" name="TC3" time="8.657"/>
  <testcase classname="DemoJenkins.DemoJenkins.GoDaddy" name="Tc1" time="4.248"/>
  <testcase classname="DemoJenkins.DemoJenkins.GoDaddy" name="TC4" time="4.138"/>
</testsuite> <!-- DemoJenkins.DemoJenkins.GoDaddy -->
